<?xml version="1.0" encoding="UTF-8"?>
<coverage generated="1669815691209" clover="3.2.0">
  <project timestamp="1669815691210" name="All files">
    <metrics statements="9" coveredstatements="9" conditionals="0" coveredconditionals="0" methods="5" coveredmethods="3" elements="14" coveredelements="12" complexity="0" loc="9" ncloc="9" packages="1" files="2" classes="2"/>
    <file name="fortune.js" path="D:\Programming\WEB\NodeJs\Web Development with Node and Express, 2nd Edition\Chapter_03\Meadowlark\lib\fortune.js">
      <metrics statements="4" coveredstatements="4" conditionals="0" coveredconditionals="0" methods="1" coveredmethods="1"/>
      <line num="1" count="1" type="stmt"/>
      <line num="8" count="1" type="stmt"/>
      <line num="9" count="1" type="stmt"/>
      <line num="10" count="1" type="stmt"/>
    </file>
    <file name="handlers.js" path="D:\Programming\WEB\NodeJs\Web Development with Node and Express, 2nd Edition\Chapter_03\Meadowlark\lib\handlers.js">
      <metrics statements="5" coveredstatements="5" conditionals="0" coveredconditionals="0" methods="4" coveredmethods="2"/>
      <line num="1" count="1" type="stmt"/>
      <line num="2" count="1" type="stmt"/>
      <line num="3" count="1" type="stmt"/>
      <line num="4" count="1" type="stmt"/>
      <line num="5" count="1" type="stmt"/>
    </file>
  </project>
</coverage>
