{"D:\\Programming\\WEB\\NodeJs\\Web Development with Node and Express, 2nd Edition\\Chapter_03\\Meadowlark\\lib\\fortune.js": {"path":"D:\\Programming\\WEB\\NodeJs\\Web Development with Node and Express, 2nd Edition\\Chapter_03\\Meadowlark\\lib\\fortune.js","statementMap":{"0":{"start":{"line":1,"column":22},"end":{"line":6,"column":17}},"1":{"start":{"line":8,"column":16},"end":{"line":11,"column":17}},"2":{"start":{"line":9,"column":32},"end":{"line":9,"column":81}},"3":{"start":{"line":10,"column":20},"end":{"line":10,"column":47}}},"fnMap":{"0":{"name":"(anonymous_0)","decl":{"start":{"line":8,"column":37},"end":{"line":8,"column":38}},"loc":{"start":{"line":8,"column":43},"end":{"line":11,"column":17}},"line":8}},"branchMap":{},"s":{"0":1,"1":1,"2":1,"3":1},"f":{"0":1},"b":{},"_coverageSchema":"1a1c01bbd47fc00a2c39e90264f33305004495a9","hash":"0bab8a085b893088e55bc6860e3a14dd9fe60751"}
,"D:\\Programming\\WEB\\NodeJs\\Web Development with Node and Express, 2nd Edition\\Chapter_03\\Meadowlark\\lib\\handlers.js": {"path":"D:\\Programming\\WEB\\NodeJs\\Web Development with Node and Express, 2nd Edition\\Chapter_03\\Meadowlark\\lib\\handlers.js","statementMap":{"0":{"start":{"line":1,"column":16},"end":{"line":1,"column":36}},"1":{"start":{"line":2,"column":0},"end":{"line":2,"column":48}},"2":{"start":{"line":2,"column":29},"end":{"line":2,"column":47}},"3":{"start":{"line":3,"column":0},"end":{"line":3,"column":83}},"4":{"start":{"line":3,"column":30},"end":{"line":3,"column":82}},"5":{"start":{"line":4,"column":0},"end":{"line":4,"column":51}},"6":{"start":{"line":4,"column":33},"end":{"line":4,"column":50}},"7":{"start":{"line":5,"column":0},"end":{"line":5,"column":65}},"8":{"start":{"line":5,"column":47},"end":{"line":5,"column":64}}},"fnMap":{"0":{"name":"(anonymous_0)","decl":{"start":{"line":2,"column":15},"end":{"line":2,"column":16}},"loc":{"start":{"line":2,"column":29},"end":{"line":2,"column":47}},"line":2},"1":{"name":"(anonymous_1)","decl":{"start":{"line":3,"column":16},"end":{"line":3,"column":17}},"loc":{"start":{"line":3,"column":30},"end":{"line":3,"column":82}},"line":3},"2":{"name":"(anonymous_2)","decl":{"start":{"line":4,"column":19},"end":{"line":4,"column":20}},"loc":{"start":{"line":4,"column":33},"end":{"line":4,"column":50}},"line":4},"3":{"name":"(anonymous_3)","decl":{"start":{"line":5,"column":22},"end":{"line":5,"column":23}},"loc":{"start":{"line":5,"column":47},"end":{"line":5,"column":64}},"line":5}},"branchMap":{},"s":{"0":1,"1":1,"2":1,"3":1,"4":1,"5":1,"6":0,"7":1,"8":0},"f":{"0":1,"1":1,"2":0,"3":0},"b":{},"_coverageSchema":"1a1c01bbd47fc00a2c39e90264f33305004495a9","hash":"9387ca2727241a91950acdc80f00ac5463964f43"}
}
